{"/Users/albertoeyocastro-rial/OneDrive/NodeJS/functional-javascript-workshop/higherorderfunctions.js":{"path":"/Users/albertoeyocastro-rial/OneDrive/NodeJS/functional-javascript-workshop/higherorderfunctions.js","s":{"1":1,"2":5,"3":1,"4":4,"5":4,"6":1},"b":{"1":[1,4]},"f":{},"fnMap":{},"statementMap":{"1":{"start":{"line":1,"column":0},"end":{"line":7,"column":2}},"2":{"start":{"line":2,"column":2},"end":{"line":4,"column":3}},"3":{"start":{"line":3,"column":4},"end":{"line":3,"column":11}},"4":{"start":{"line":5,"column":2},"end":{"line":5,"column":9}},"5":{"start":{"line":6,"column":2},"end":{"line":6,"column":29}},"6":{"start":{"line":9,"column":0},"end":{"line":9,"column":24}}},"branchMap":{"1":{"line":2,"type":"if","locations":[{"start":{"line":2,"column":2},"end":{"line":2,"column":2}},{"start":{"line":2,"column":2},"end":{"line":2,"column":2}}]}}},"/Users/albertoeyocastro-rial/OneDrive/NodeJS/functional-javascript-workshop/basicmap.js":{"path":"/Users/albertoeyocastro-rial/OneDrive/NodeJS/functional-javascript-workshop/basicmap.js","s":{"1":1,"2":1,"3":4,"4":1},"b":{},"f":{},"fnMap":{},"statementMap":{"1":{"start":{"line":1,"column":0},"end":{"line":1,"column":63}},"2":{"start":{"line":1,"column":29},"end":{"line":1,"column":62}},"3":{"start":{"line":1,"column":51},"end":{"line":1,"column":61}},"4":{"start":{"line":3,"column":0},"end":{"line":3,"column":27}}},"branchMap":{}},"/Users/albertoeyocastro-rial/OneDrive/NodeJS/functional-javascript-workshop/basicfilter.js":{"path":"/Users/albertoeyocastro-rial/OneDrive/NodeJS/functional-javascript-workshop/basicfilter.js","s":{"1":1,"2":2,"3":5,"4":3,"5":1},"b":{},"f":{},"fnMap":{},"statementMap":{"1":{"start":{"line":1,"column":0},"end":{"line":4,"column":37}},"2":{"start":{"line":2,"column":2},"end":{"line":4,"column":36}},"3":{"start":{"line":3,"column":23},"end":{"line":3,"column":50}},"4":{"start":{"line":4,"column":20},"end":{"line":4,"column":35}},"5":{"start":{"line":6,"column":0},"end":{"line":6,"column":34}}},"branchMap":{}},"/Users/albertoeyocastro-rial/OneDrive/NodeJS/functional-javascript-workshop/basiceverysome.js":{"path":"/Users/albertoeyocastro-rial/OneDrive/NodeJS/functional-javascript-workshop/basiceverysome.js","s":{"1":1,"2":2,"3":2,"4":5,"5":15,"6":1},"b":{},"f":{},"fnMap":{},"statementMap":{"1":{"start":{"line":1,"column":0},"end":{"line":3,"column":87}},"2":{"start":{"line":2,"column":2},"end":{"line":3,"column":86}},"3":{"start":{"line":3,"column":4},"end":{"line":3,"column":86}},"4":{"start":{"line":3,"column":33},"end":{"line":3,"column":85}},"5":{"start":{"line":3,"column":57},"end":{"line":3,"column":66}},"6":{"start":{"line":5,"column":0},"end":{"line":5,"column":33}}},"branchMap":{}},"/Users/albertoeyocastro-rial/OneDrive/NodeJS/functional-javascript-workshop/basicreduce.js":{"path":"/Users/albertoeyocastro-rial/OneDrive/NodeJS/functional-javascript-workshop/basicreduce.js","s":{"1":1,"2":2,"3":13,"4":13,"5":1},"b":{"1":[13,6]},"f":{},"fnMap":{},"statementMap":{"1":{"start":{"line":1,"column":0},"end":{"line":4,"column":7}},"2":{"start":{"line":1,"column":33},"end":{"line":4,"column":6}},"3":{"start":{"line":2,"column":2},"end":{"line":2,"column":49}},"4":{"start":{"line":3,"column":2},"end":{"line":3,"column":18}},"5":{"start":{"line":6,"column":0},"end":{"line":6,"column":28}}},"branchMap":{"1":{"line":2,"type":"binary-expr","locations":[{"start":{"line":2,"column":24},"end":{"line":2,"column":43}},{"start":{"line":2,"column":47},"end":{"line":2,"column":48}}]}}},"/Users/albertoeyocastro-rial/OneDrive/NodeJS/functional-javascript-workshop/basicrecursion.js":{"path":"/Users/albertoeyocastro-rial/OneDrive/NodeJS/functional-javascript-workshop/basicrecursion.js","s":{"1":1,"2":8,"3":2,"4":6,"5":1},"b":{"1":[2,6]},"f":{},"fnMap":{},"statementMap":{"1":{"start":{"line":1,"column":0},"end":{"line":6,"column":2}},"2":{"start":{"line":2,"column":2},"end":{"line":4,"column":3}},"3":{"start":{"line":3,"column":4},"end":{"line":3,"column":19}},"4":{"start":{"line":5,"column":2},"end":{"line":5,"column":63}},"5":{"start":{"line":8,"column":0},"end":{"line":8,"column":24}}},"branchMap":{"1":{"line":2,"type":"if","locations":[{"start":{"line":2,"column":2},"end":{"line":2,"column":2}},{"start":{"line":2,"column":2},"end":{"line":2,"column":2}}]}}},"/Users/albertoeyocastro-rial/OneDrive/NodeJS/functional-javascript-workshop/basiccall.js":{"path":"/Users/albertoeyocastro-rial/OneDrive/NodeJS/functional-javascript-workshop/basiccall.js","s":{"1":1,"2":2,"3":2,"4":5,"5":1},"b":{"1":[0,2],"2":[3,2]},"f":{"1":2},"fnMap":{"1":{"name":"duckCount","line":1,"loc":{"start":{"line":1,"column":0},"end":{"line":1,"column":21}}}},"statementMap":{"1":{"start":{"line":1,"column":0},"end":{"line":6,"column":1}},"2":{"start":{"line":2,"column":2},"end":{"line":2,"column":90}},"3":{"start":{"line":3,"column":2},"end":{"line":5,"column":9}},"4":{"start":{"line":4,"column":4},"end":{"line":4,"column":68}},"5":{"start":{"line":8,"column":0},"end":{"line":8,"column":27}}},"branchMap":{"1":{"line":2,"type":"cond-expr","locations":[{"start":{"line":2,"column":41},"end":{"line":2,"column":57}},{"start":{"line":2,"column":60},"end":{"line":2,"column":88}}]},"2":{"line":4,"type":"cond-expr","locations":[{"start":{"line":4,"column":57},"end":{"line":4,"column":62}},{"start":{"line":4,"column":65},"end":{"line":4,"column":68}}]}}},"/Users/albertoeyocastro-rial/OneDrive/NodeJS/functional-javascript-workshop/partialapplication.js":{"path":"/Users/albertoeyocastro-rial/OneDrive/NodeJS/functional-javascript-workshop/partialapplication.js","s":{"1":1,"2":2,"3":2,"4":2,"5":1},"b":{"1":[2,0]},"f":{"1":2,"2":2},"fnMap":{"1":{"name":"logger","line":1,"loc":{"start":{"line":1,"column":0},"end":{"line":1,"column":27}}},"2":{"name":"(anonymous_2)","line":3,"loc":{"start":{"line":3,"column":9},"end":{"line":3,"column":20}}}},"statementMap":{"1":{"start":{"line":1,"column":0},"end":{"line":7,"column":1}},"2":{"start":{"line":3,"column":2},"end":{"line":6,"column":4}},"3":{"start":{"line":4,"column":4},"end":{"line":4,"column":92}},"4":{"start":{"line":5,"column":4},"end":{"line":5,"column":59}},"5":{"start":{"line":9,"column":0},"end":{"line":9,"column":24}}},"branchMap":{"1":{"line":4,"type":"cond-expr","locations":[{"start":{"line":4,"column":43},"end":{"line":4,"column":59}},{"start":{"line":4,"column":62},"end":{"line":4,"column":90}}]}}}}