TN:
SF:/Users/albertoeyocastro-rial/OneDrive/NodeJS/functional-javascript-workshop/higherorderfunctions.js
FNF:0
FNH:0
DA:1,1
DA:2,5
DA:3,1
DA:5,4
DA:6,4
DA:9,1
LF:6
LH:6
BRDA:2,1,0,1
BRDA:2,1,1,4
BRF:2
BRH:2
end_of_record
TN:
SF:/Users/albertoeyocastro-rial/OneDrive/NodeJS/functional-javascript-workshop/basicmap.js
FNF:0
FNH:0
DA:1,4
DA:3,1
LF:2
LH:2
BRF:0
BRH:0
end_of_record
TN:
SF:/Users/albertoeyocastro-rial/OneDrive/NodeJS/functional-javascript-workshop/basicfilter.js
FNF:0
FNH:0
DA:1,1
DA:2,2
DA:3,5
DA:4,3
DA:6,1
LF:5
LH:5
BRF:0
BRH:0
end_of_record
TN:
SF:/Users/albertoeyocastro-rial/OneDrive/NodeJS/functional-javascript-workshop/basiceverysome.js
FNF:0
FNH:0
DA:1,1
DA:2,2
DA:3,15
DA:5,1
LF:4
LH:4
BRF:0
BRH:0
end_of_record
TN:
SF:/Users/albertoeyocastro-rial/OneDrive/NodeJS/functional-javascript-workshop/basicreduce.js
FNF:0
FNH:0
DA:1,2
DA:2,13
DA:3,13
DA:6,1
LF:4
LH:4
BRDA:2,1,0,13
BRDA:2,1,1,6
BRF:2
BRH:2
end_of_record
TN:
SF:/Users/albertoeyocastro-rial/OneDrive/NodeJS/functional-javascript-workshop/basicrecursion.js
FNF:0
FNH:0
DA:1,1
DA:2,8
DA:3,2
DA:5,6
DA:8,1
LF:5
LH:5
BRDA:2,1,0,2
BRDA:2,1,1,6
BRF:2
BRH:2
end_of_record
TN:
SF:/Users/albertoeyocastro-rial/OneDrive/NodeJS/functional-javascript-workshop/basiccall.js
FN:1,duckCount
FNF:1
FNH:1
FNDA:2,duckCount
DA:1,1
DA:2,2
DA:3,2
DA:4,5
DA:8,1
LF:5
LH:5
BRDA:2,1,0,0
BRDA:2,1,1,2
BRDA:4,2,0,3
BRDA:4,2,1,2
BRF:4
BRH:3
end_of_record
TN:
SF:/Users/albertoeyocastro-rial/OneDrive/NodeJS/functional-javascript-workshop/partialapplication.js
FN:1,logger
FN:3,(anonymous_2)
FNF:2
FNH:2
FNDA:2,logger
FNDA:2,(anonymous_2)
DA:1,1
DA:3,2
DA:4,2
DA:5,2
DA:9,1
LF:5
LH:5
BRDA:4,1,0,2
BRDA:4,1,1,0
BRF:2
BRH:1
end_of_record
